{"C:\\Users\\sousa\\Dev\\cursos\\cccat10_1\\src\\application\\usecase\\Checkout.ts": {"path":"C:\\Users\\sousa\\Dev\\cursos\\cccat10_1\\src\\application\\usecase\\Checkout.ts","statementMap":{"0":{"start":{"line":5,"column":0},"end":{"line":5,"column":62}},"1":{"start":{"line":6,"column":0},"end":{"line":6,"column":70}},"2":{"start":{"line":7,"column":0},"end":{"line":7,"column":46}},"3":{"start":{"line":16,"column":17},"end":{"line":16,"column":49}},"4":{"start":{"line":17,"column":17},"end":{"line":17,"column":53}},"5":{"start":{"line":18,"column":17},"end":{"line":18,"column":51}},"6":{"start":{"line":19,"column":17},"end":{"line":19,"column":49}},"7":{"start":{"line":24,"column":27},"end":{"line":24,"column":69}},"8":{"start":{"line":25,"column":30},"end":{"line":25,"column":49}},"9":{"start":{"line":26,"column":8},"end":{"line":26,"column":57}},"10":{"start":{"line":27,"column":25},"end":{"line":27,"column":59}},"11":{"start":{"line":28,"column":22},"end":{"line":28,"column":91}},"12":{"start":{"line":29,"column":22},"end":{"line":29,"column":23}},"13":{"start":{"line":30,"column":8},"end":{"line":38,"column":null}},"14":{"start":{"line":31,"column":12},"end":{"line":36,"column":null}},"15":{"start":{"line":32,"column":32},"end":{"line":32,"column":87}},"16":{"start":{"line":33,"column":16},"end":{"line":33,"column":54}},"17":{"start":{"line":34,"column":36},"end":{"line":34,"column":87}},"18":{"start":{"line":35,"column":16},"end":{"line":35,"column":39}},"19":{"start":{"line":39,"column":8},"end":{"line":41,"column":null}},"20":{"start":{"line":40,"column":12},"end":{"line":40,"column":36}},"21":{"start":{"line":42,"column":8},"end":{"line":45,"column":null}},"22":{"start":{"line":43,"column":27},"end":{"line":43,"column":78}},"23":{"start":{"line":44,"column":12},"end":{"line":44,"column":36}},"24":{"start":{"line":46,"column":20},"end":{"line":46,"column":36}},"25":{"start":{"line":47,"column":8},"end":{"line":47,"column":47}},"26":{"start":{"line":48,"column":8},"end":{"line":51,"column":10}},"27":{"start":{"line":13,"column":0},"end":{"line":13,"column":21}}},"fnMap":{"0":{"name":"(anonymous_8)","decl":{"start":{"line":15,"column":4},"end":{"line":15,"column":null}},"loc":{"start":{"line":19,"column":49},"end":{"line":21,"column":5}}},"1":{"name":"(anonymous_9)","decl":{"start":{"line":23,"column":10},"end":{"line":23,"column":17}},"loc":{"start":{"line":23,"column":31},"end":{"line":52,"column":null}}}},"branchMap":{"0":{"loc":{"start":{"line":30,"column":8},"end":{"line":38,"column":null}},"type":"if","locations":[{"start":{"line":30,"column":8},"end":{"line":38,"column":null}}]},"1":{"loc":{"start":{"line":39,"column":8},"end":{"line":41,"column":null}},"type":"if","locations":[{"start":{"line":39,"column":8},"end":{"line":41,"column":null}}]},"2":{"loc":{"start":{"line":39,"column":12},"end":{"line":39,"column":34}},"type":"binary-expr","locations":[{"start":{"line":39,"column":12},"end":{"line":39,"column":22}},{"start":{"line":39,"column":26},"end":{"line":39,"column":34}}]},"3":{"loc":{"start":{"line":42,"column":8},"end":{"line":45,"column":null}},"type":"if","locations":[{"start":{"line":42,"column":8},"end":{"line":45,"column":null}}]}},"s":{"0":2,"1":2,"2":2,"3":17,"4":17,"5":17,"6":17,"7":17,"8":17,"9":17,"10":17,"11":17,"12":16,"13":16,"14":16,"15":30,"16":29,"17":27,"18":27,"19":13,"20":2,"21":13,"22":3,"23":3,"24":13,"25":13,"26":13,"27":2},"f":{"0":17,"1":17},"b":{"0":[16],"1":[2],"2":[13,2],"3":[3]}}
,"C:\\Users\\sousa\\Dev\\cursos\\cccat10_1\\src\\application\\usecase\\GetOrder.ts": {"path":"C:\\Users\\sousa\\Dev\\cursos\\cccat10_1\\src\\application\\usecase\\GetOrder.ts","statementMap":{"0":{"start":{"line":7,"column":17},"end":{"line":7,"column":49}},"1":{"start":{"line":12,"column":22},"end":{"line":12,"column":60}},"2":{"start":{"line":13,"column":31},"end":{"line":17,"column":10}},"3":{"start":{"line":18,"column":8},"end":{"line":18,"column":22}},"4":{"start":{"line":4,"column":0},"end":{"line":4,"column":21}}},"fnMap":{"0":{"name":"(anonymous_7)","decl":{"start":{"line":6,"column":4},"end":{"line":6,"column":null}},"loc":{"start":{"line":7,"column":49},"end":{"line":9,"column":5}}},"1":{"name":"(anonymous_8)","decl":{"start":{"line":11,"column":10},"end":{"line":11,"column":17}},"loc":{"start":{"line":11,"column":29},"end":{"line":19,"column":null}}}},"branchMap":{},"s":{"0":15,"1":2,"2":2,"3":2,"4":1},"f":{"0":15,"1":2},"b":{}}
,"C:\\Users\\sousa\\Dev\\cursos\\cccat10_1\\src\\application\\usecase\\SimulateFreight.ts": {"path":"C:\\Users\\sousa\\Dev\\cursos\\cccat10_1\\src\\application\\usecase\\SimulateFreight.ts","statementMap":{"0":{"start":{"line":1,"column":0},"end":{"line":1,"column":70}},"1":{"start":{"line":8,"column":17},"end":{"line":8,"column":53}},"2":{"start":{"line":13,"column":31},"end":{"line":15,"column":10}},"3":{"start":{"line":16,"column":8},"end":{"line":23,"column":null}},"4":{"start":{"line":17,"column":12},"end":{"line":21,"column":null}},"5":{"start":{"line":18,"column":32},"end":{"line":18,"column":87}},"6":{"start":{"line":19,"column":36},"end":{"line":19,"column":87}},"7":{"start":{"line":20,"column":16},"end":{"line":20,"column":46}},"8":{"start":{"line":24,"column":8},"end":{"line":24,"column":22}},"9":{"start":{"line":5,"column":0},"end":{"line":5,"column":21}}},"fnMap":{"0":{"name":"(anonymous_8)","decl":{"start":{"line":7,"column":4},"end":{"line":7,"column":null}},"loc":{"start":{"line":8,"column":53},"end":{"line":10,"column":5}}},"1":{"name":"(anonymous_9)","decl":{"start":{"line":12,"column":10},"end":{"line":12,"column":17}},"loc":{"start":{"line":12,"column":31},"end":{"line":25,"column":null}}}},"branchMap":{"0":{"loc":{"start":{"line":16,"column":8},"end":{"line":23,"column":null}},"type":"if","locations":[{"start":{"line":16,"column":8},"end":{"line":23,"column":null}}]}},"s":{"0":1,"1":1,"2":1,"3":1,"4":1,"5":3,"6":3,"7":3,"8":1,"9":1},"f":{"0":1,"1":1},"b":{"0":[1]}}
,"C:\\Users\\sousa\\Dev\\cursos\\cccat10_1\\src\\application\\usecase\\ValidateCoupon.ts": {"path":"C:\\Users\\sousa\\Dev\\cursos\\cccat10_1\\src\\application\\usecase\\ValidateCoupon.ts","statementMap":{"0":{"start":{"line":7,"column":17},"end":{"line":7,"column":51}},"1":{"start":{"line":12,"column":23},"end":{"line":12,"column":66}},"2":{"start":{"line":13,"column":8},"end":{"line":13,"column":45}},"3":{"start":{"line":4,"column":0},"end":{"line":4,"column":21}}},"fnMap":{"0":{"name":"(anonymous_7)","decl":{"start":{"line":6,"column":4},"end":{"line":6,"column":null}},"loc":{"start":{"line":7,"column":51},"end":{"line":9,"column":5}}},"1":{"name":"(anonymous_8)","decl":{"start":{"line":11,"column":10},"end":{"line":11,"column":17}},"loc":{"start":{"line":11,"column":31},"end":{"line":14,"column":null}}}},"branchMap":{},"s":{"0":2,"1":2,"2":2,"3":1},"f":{"0":2,"1":2},"b":{}}
,"C:\\Users\\sousa\\Dev\\cursos\\cccat10_1\\src\\domain\\entity\\Coupon.ts": {"path":"C:\\Users\\sousa\\Dev\\cursos\\cccat10_1\\src\\domain\\entity\\Coupon.ts","statementMap":{"0":{"start":{"line":3,"column":26},"end":{"line":3,"column":38}},"1":{"start":{"line":3,"column":49},"end":{"line":3,"column":67}},"2":{"start":{"line":3,"column":78},"end":{"line":3,"column":94}},"3":{"start":{"line":8,"column":8},"end":{"line":8,"column":61}},"4":{"start":{"line":12,"column":8},"end":{"line":12,"column":46}},"5":{"start":{"line":1,"column":0},"end":{"line":1,"column":21}}},"fnMap":{"0":{"name":"(anonymous_0)","decl":{"start":{"line":3,"column":4},"end":{"line":3,"column":26}},"loc":{"start":{"line":3,"column":94},"end":{"line":5,"column":5}}},"1":{"name":"(anonymous_1)","decl":{"start":{"line":7,"column":4},"end":{"line":7,"column":13}},"loc":{"start":{"line":7,"column":26},"end":{"line":9,"column":5}}},"2":{"name":"(anonymous_2)","decl":{"start":{"line":11,"column":4},"end":{"line":11,"column":21}},"loc":{"start":{"line":11,"column":37},"end":{"line":13,"column":5}}}},"branchMap":{},"s":{"0":8,"1":8,"2":8,"3":7,"4":5,"5":4},"f":{"0":8,"1":7,"2":5},"b":{}}
,"C:\\Users\\sousa\\Dev\\cursos\\cccat10_1\\src\\domain\\entity\\Cpf.ts": {"path":"C:\\Users\\sousa\\Dev\\cursos\\cccat10_1\\src\\domain\\entity\\Cpf.ts","statementMap":{"0":{"start":{"line":5,"column":8},"end":{"line":5,"column":64}},"1":{"start":{"line":5,"column":33},"end":{"line":5,"column":64}},"2":{"start":{"line":6,"column":8},"end":{"line":6,"column":25}},"3":{"start":{"line":10,"column":20},"end":{"line":10,"column":21}},"4":{"start":{"line":11,"column":8},"end":{"line":13,"column":null}},"5":{"start":{"line":12,"column":12},"end":{"line":12,"column":64}},"6":{"start":{"line":12,"column":28},"end":{"line":12,"column":64}},"7":{"start":{"line":14,"column":21},"end":{"line":14,"column":29}},"8":{"start":{"line":15,"column":8},"end":{"line":15,"column":null}},"9":{"start":{"line":19,"column":8},"end":{"line":19,"column":38}},"10":{"start":{"line":23,"column":8},"end":{"line":23,"column":33}},"11":{"start":{"line":27,"column":8},"end":{"line":27,"column":61}},"12":{"start":{"line":27,"column":47},"end":{"line":27,"column":59}},"13":{"start":{"line":31,"column":8},"end":{"line":31,"column":57}},"14":{"start":{"line":35,"column":8},"end":{"line":35,"column":31}},"15":{"start":{"line":35,"column":18},"end":{"line":35,"column":31}},"16":{"start":{"line":36,"column":8},"end":{"line":36,"column":30}},"17":{"start":{"line":37,"column":8},"end":{"line":37,"column":50}},"18":{"start":{"line":37,"column":37},"end":{"line":37,"column":50}},"19":{"start":{"line":38,"column":8},"end":{"line":38,"column":50}},"20":{"start":{"line":38,"column":37},"end":{"line":38,"column":50}},"21":{"start":{"line":39,"column":23},"end":{"line":39,"column":51}},"22":{"start":{"line":40,"column":23},"end":{"line":40,"column":51}},"23":{"start":{"line":41,"column":28},"end":{"line":41,"column":55}},"24":{"start":{"line":42,"column":32},"end":{"line":42,"column":52}},"25":{"start":{"line":43,"column":8},"end":{"line":43,"column":46}},"26":{"start":{"line":1,"column":0},"end":{"line":1,"column":21}}},"fnMap":{"0":{"name":"(anonymous_0)","decl":{"start":{"line":4,"column":4},"end":{"line":4,"column":17}},"loc":{"start":{"line":4,"column":28},"end":{"line":7,"column":5}}},"1":{"name":"(anonymous_1)","decl":{"start":{"line":9,"column":4},"end":{"line":9,"column":18}},"loc":{"start":{"line":9,"column":44},"end":{"line":16,"column":5}}},"2":{"name":"(anonymous_2)","decl":{"start":{"line":18,"column":4},"end":{"line":18,"column":9}},"loc":{"start":{"line":18,"column":22},"end":{"line":20,"column":5}}},"3":{"name":"(anonymous_3)","decl":{"start":{"line":22,"column":4},"end":{"line":22,"column":17}},"loc":{"start":{"line":22,"column":30},"end":{"line":24,"column":5}}},"4":{"name":"(anonymous_4)","decl":{"start":{"line":26,"column":4},"end":{"line":26,"column":17}},"loc":{"start":{"line":26,"column":29},"end":{"line":28,"column":5}}},"5":{"name":"(anonymous_5)","decl":{"start":{"line":27,"column":35},"end":{"line":27,"column":36}},"loc":{"start":{"line":27,"column":47},"end":{"line":27,"column":59}}},"6":{"name":"(anonymous_6)","decl":{"start":{"line":30,"column":4},"end":{"line":30,"column":21}},"loc":{"start":{"line":30,"column":33},"end":{"line":32,"column":5}}},"7":{"name":"(anonymous_7)","decl":{"start":{"line":34,"column":4},"end":{"line":34,"column":12}},"loc":{"start":{"line":34,"column":25},"end":{"line":44,"column":5}}}},"branchMap":{"0":{"loc":{"start":{"line":5,"column":8},"end":{"line":5,"column":64}},"type":"if","locations":[{"start":{"line":5,"column":8},"end":{"line":5,"column":64}}]},"1":{"loc":{"start":{"line":12,"column":12},"end":{"line":12,"column":64}},"type":"if","locations":[{"start":{"line":12,"column":12},"end":{"line":12,"column":64}}]},"2":{"loc":{"start":{"line":15,"column":15},"end":{"line":15,"column":41}},"type":"cond-expr","locations":[{"start":{"line":15,"column":28},"end":{"line":15,"column":29}},{"start":{"line":15,"column":32},"end":{"line":15,"column":41}}]},"3":{"loc":{"start":{"line":35,"column":8},"end":{"line":35,"column":31}},"type":"if","locations":[{"start":{"line":35,"column":8},"end":{"line":35,"column":31}}]},"4":{"loc":{"start":{"line":37,"column":8},"end":{"line":37,"column":50}},"type":"if","locations":[{"start":{"line":37,"column":8},"end":{"line":37,"column":50}}]},"5":{"loc":{"start":{"line":38,"column":8},"end":{"line":38,"column":50}},"type":"if","locations":[{"start":{"line":38,"column":8},"end":{"line":38,"column":50}}]}},"s":{"0":34,"1":7,"2":27,"3":60,"4":60,"5":660,"6":570,"7":60,"8":60,"9":34,"10":34,"11":32,"12":82,"13":30,"14":34,"15":0,"16":34,"17":34,"18":2,"19":32,"20":2,"21":30,"22":30,"23":30,"24":30,"25":30,"26":4},"f":{"0":34,"1":60,"2":34,"3":34,"4":32,"5":82,"6":30,"7":34},"b":{"0":[7],"1":[570],"2":[2,58],"3":[0],"4":[2],"5":[2]}}
,"C:\\Users\\sousa\\Dev\\cursos\\cccat10_1\\src\\domain\\entity\\CurrencyTable.ts": {"path":"C:\\Users\\sousa\\Dev\\cursos\\cccat10_1\\src\\domain\\entity\\CurrencyTable.ts","statementMap":{"0":{"start":{"line":5,"column":8},"end":{"line":7,"column":10}},"1":{"start":{"line":11,"column":8},"end":{"line":11,"column":37}},"2":{"start":{"line":15,"column":8},"end":{"line":15,"column":36}},"3":{"start":{"line":1,"column":0},"end":{"line":1,"column":21}}},"fnMap":{"0":{"name":"(anonymous_0)","decl":{"start":{"line":4,"column":4},"end":{"line":4,"column":null}},"loc":{"start":{"line":4,"column":4},"end":{"line":8,"column":5}}},"1":{"name":"(anonymous_1)","decl":{"start":{"line":10,"column":4},"end":{"line":10,"column":15}},"loc":{"start":{"line":10,"column":48},"end":{"line":12,"column":5}}},"2":{"name":"(anonymous_2)","decl":{"start":{"line":14,"column":4},"end":{"line":14,"column":15}},"loc":{"start":{"line":14,"column":33},"end":{"line":16,"column":5}}}},"branchMap":{},"s":{"0":26,"1":18,"2":64,"3":3},"f":{"0":26,"1":18,"2":64},"b":{}}
,"C:\\Users\\sousa\\Dev\\cursos\\cccat10_1\\src\\domain\\entity\\FreightCalculator.ts": {"path":"C:\\Users\\sousa\\Dev\\cursos\\cccat10_1\\src\\domain\\entity\\FreightCalculator.ts","statementMap":{"0":{"start":{"line":5,"column":23},"end":{"line":5,"column":42}},"1":{"start":{"line":6,"column":24},"end":{"line":6,"column":45}},"2":{"start":{"line":7,"column":28},"end":{"line":7,"column":57}},"3":{"start":{"line":8,"column":8},"end":{"line":8,"column":52}},"4":{"start":{"line":3,"column":0},"end":{"line":3,"column":21}}},"fnMap":{"0":{"name":"(anonymous_0)","decl":{"start":{"line":4,"column":4},"end":{"line":4,"column":10}},"loc":{"start":{"line":4,"column":60},"end":{"line":9,"column":5}}}},"branchMap":{"0":{"loc":{"start":{"line":4,"column":40},"end":{"line":4,"column":60}},"type":"default-arg","locations":[{"start":{"line":4,"column":59},"end":{"line":4,"column":60}}]}},"s":{"0":33,"1":33,"2":33,"3":33,"4":4},"f":{"0":33},"b":{"0":[2]}}
,"C:\\Users\\sousa\\Dev\\cursos\\cccat10_1\\src\\domain\\entity\\Item.ts": {"path":"C:\\Users\\sousa\\Dev\\cursos\\cccat10_1\\src\\domain\\entity\\Item.ts","statementMap":{"0":{"start":{"line":3,"column":26},"end":{"line":3,"column":43}},"1":{"start":{"line":3,"column":54},"end":{"line":3,"column":67}},"2":{"start":{"line":3,"column":78},"end":{"line":3,"column":94}},"3":{"start":{"line":3,"column":105},"end":{"line":3,"column":121}},"4":{"start":{"line":1,"column":0},"end":{"line":1,"column":21}}},"fnMap":{"0":{"name":"(anonymous_0)","decl":{"start":{"line":3,"column":4},"end":{"line":3,"column":26}},"loc":{"start":{"line":3,"column":121},"end":{"line":5,"column":5}}}},"branchMap":{},"s":{"0":40,"1":40,"2":40,"3":40,"4":3},"f":{"0":40},"b":{}}
,"C:\\Users\\sousa\\Dev\\cursos\\cccat10_1\\src\\domain\\entity\\Order.ts": {"path":"C:\\Users\\sousa\\Dev\\cursos\\cccat10_1\\src\\domain\\entity\\Order.ts","statementMap":{"0":{"start":{"line":2,"column":0},"end":{"line":2,"column":24}},"1":{"start":{"line":3,"column":0},"end":{"line":3,"column":44}},"2":{"start":{"line":4,"column":0},"end":{"line":4,"column":26}},"3":{"start":{"line":6,"column":0},"end":{"line":6,"column":28}},"4":{"start":{"line":15,"column":26},"end":{"line":15,"column":53}},"5":{"start":{"line":15,"column":77},"end":{"line":15,"column":107}},"6":{"start":{"line":15,"column":137},"end":{"line":15,"column":156}},"7":{"start":{"line":15,"column":168},"end":{"line":15,"column":181}},"8":{"start":{"line":13,"column":4},"end":{"line":13,"column":16}},"9":{"start":{"line":16,"column":8},"end":{"line":16,"column":57}},"10":{"start":{"line":16,"column":22},"end":{"line":16,"column":57}},"11":{"start":{"line":17,"column":8},"end":{"line":17,"column":24}},"12":{"start":{"line":18,"column":8},"end":{"line":18,"column":32}},"13":{"start":{"line":19,"column":8},"end":{"line":19,"column":84}},"14":{"start":{"line":24,"column":8},"end":{"line":24,"column":62}},"15":{"start":{"line":24,"column":26},"end":{"line":24,"column":62}},"16":{"start":{"line":25,"column":8},"end":{"line":25,"column":118}},"17":{"start":{"line":25,"column":44},"end":{"line":25,"column":80}},"18":{"start":{"line":25,"column":83},"end":{"line":25,"column":118}},"19":{"start":{"line":26,"column":8},"end":{"line":26,"column":96}},"20":{"start":{"line":30,"column":8},"end":{"line":30,"column":25}},"21":{"start":{"line":35,"column":8},"end":{"line":35,"column":63}},"22":{"start":{"line":35,"column":42},"end":{"line":35,"column":63}},"23":{"start":{"line":39,"column":20},"end":{"line":39,"column":21}},"24":{"start":{"line":40,"column":8},"end":{"line":42,"column":null}},"25":{"start":{"line":41,"column":12},"end":{"line":41,"column":96}},"26":{"start":{"line":43,"column":8},"end":{"line":43,"column":30}},"27":{"start":{"line":44,"column":8},"end":{"line":46,"column":null}},"28":{"start":{"line":45,"column":12},"end":{"line":45,"column":58}},"29":{"start":{"line":47,"column":8},"end":{"line":47,"column":21}},"30":{"start":{"line":8,"column":0},"end":{"line":8,"column":21}}},"fnMap":{"0":{"name":"(anonymous_1)","decl":{"start":{"line":15,"column":4},"end":{"line":15,"column":26}},"loc":{"start":{"line":15,"column":191},"end":{"line":21,"column":5}}},"1":{"name":"(anonymous_2)","decl":{"start":{"line":23,"column":4},"end":{"line":23,"column":11}},"loc":{"start":{"line":23,"column":47},"end":{"line":27,"column":5}}},"2":{"name":"(anonymous_3)","decl":{"start":{"line":25,"column":28},"end":{"line":25,"column":29}},"loc":{"start":{"line":25,"column":44},"end":{"line":25,"column":80}}},"3":{"name":"(anonymous_4)","decl":{"start":{"line":29,"column":4},"end":{"line":29,"column":11}},"loc":{"start":{"line":29,"column":11},"end":{"line":31,"column":5}}},"4":{"name":"(anonymous_5)","decl":{"start":{"line":33,"column":4},"end":{"line":33,"column":13}},"loc":{"start":{"line":33,"column":29},"end":{"line":36,"column":5}}},"5":{"name":"(anonymous_6)","decl":{"start":{"line":38,"column":4},"end":{"line":38,"column":12}},"loc":{"start":{"line":38,"column":12},"end":{"line":48,"column":5}}}},"branchMap":{"0":{"loc":{"start":{"line":15,"column":77},"end":{"line":15,"column":126}},"type":"default-arg","locations":[{"start":{"line":15,"column":107},"end":{"line":15,"column":126}}]},"1":{"loc":{"start":{"line":15,"column":137},"end":{"line":15,"column":157}},"type":"default-arg","locations":[{"start":{"line":15,"column":156},"end":{"line":15,"column":157}}]},"2":{"loc":{"start":{"line":15,"column":168},"end":{"line":15,"column":191}},"type":"default-arg","locations":[{"start":{"line":15,"column":181},"end":{"line":15,"column":191}}]},"3":{"loc":{"start":{"line":16,"column":8},"end":{"line":16,"column":57}},"type":"if","locations":[{"start":{"line":16,"column":8},"end":{"line":16,"column":57}}]},"4":{"loc":{"start":{"line":24,"column":8},"end":{"line":24,"column":62}},"type":"if","locations":[{"start":{"line":24,"column":8},"end":{"line":24,"column":62}}]},"5":{"loc":{"start":{"line":25,"column":8},"end":{"line":25,"column":118}},"type":"if","locations":[{"start":{"line":25,"column":8},"end":{"line":25,"column":118}}]},"6":{"loc":{"start":{"line":35,"column":8},"end":{"line":35,"column":63}},"type":"if","locations":[{"start":{"line":35,"column":8},"end":{"line":35,"column":63}}]},"7":{"loc":{"start":{"line":44,"column":8},"end":{"line":46,"column":null}},"type":"if","locations":[{"start":{"line":44,"column":8},"end":{"line":46,"column":null}}]}},"s":{"0":3,"1":3,"2":3,"3":3,"4":26,"5":26,"6":26,"7":26,"8":26,"9":26,"10":15,"11":26,"12":26,"13":24,"14":38,"15":2,"16":36,"17":29,"18":2,"19":34,"20":3,"21":3,"22":2,"23":31,"24":31,"25":64,"26":31,"27":31,"28":4,"29":31,"30":3},"f":{"0":26,"1":38,"2":29,"3":3,"4":3,"5":31},"b":{"0":[7],"1":[6],"2":[6],"3":[15],"4":[2],"5":[2],"6":[2],"7":[4]}}
,"C:\\Users\\sousa\\Dev\\cursos\\cccat10_1\\src\\domain\\entity\\Product.ts": {"path":"C:\\Users\\sousa\\Dev\\cursos\\cccat10_1\\src\\domain\\entity\\Product.ts","statementMap":{"0":{"start":{"line":3,"column":26},"end":{"line":3,"column":43}},"1":{"start":{"line":3,"column":54},"end":{"line":3,"column":73}},"2":{"start":{"line":3,"column":84},"end":{"line":3,"column":97}},"3":{"start":{"line":3,"column":108},"end":{"line":3,"column":121}},"4":{"start":{"line":3,"column":132},"end":{"line":3,"column":146}},"5":{"start":{"line":3,"column":157},"end":{"line":3,"column":171}},"6":{"start":{"line":3,"column":182},"end":{"line":3,"column":196}},"7":{"start":{"line":3,"column":207},"end":{"line":3,"column":223}},"8":{"start":{"line":4,"column":8},"end":{"line":4,"column":127}},"9":{"start":{"line":4,"column":90},"end":{"line":4,"column":127}},"10":{"start":{"line":8,"column":8},"end":{"line":8,"column":null}},"11":{"start":{"line":1,"column":0},"end":{"line":1,"column":21}}},"fnMap":{"0":{"name":"(anonymous_0)","decl":{"start":{"line":3,"column":4},"end":{"line":3,"column":26}},"loc":{"start":{"line":3,"column":223},"end":{"line":5,"column":5}}},"1":{"name":"(anonymous_1)","decl":{"start":{"line":7,"column":4},"end":{"line":7,"column":13}},"loc":{"start":{"line":7,"column":13},"end":{"line":9,"column":5}}}},"branchMap":{"0":{"loc":{"start":{"line":4,"column":8},"end":{"line":4,"column":127}},"type":"if","locations":[{"start":{"line":4,"column":8},"end":{"line":4,"column":127}}]},"1":{"loc":{"start":{"line":4,"column":12},"end":{"line":4,"column":87}},"type":"binary-expr","locations":[{"start":{"line":4,"column":12},"end":{"line":4,"column":27}},{"start":{"line":4,"column":31},"end":{"line":4,"column":47}},{"start":{"line":4,"column":51},"end":{"line":4,"column":67}},{"start":{"line":4,"column":71},"end":{"line":4,"column":87}}]}},"s":{"0":46,"1":46,"2":46,"3":46,"4":46,"5":46,"6":46,"7":46,"8":46,"9":2,"10":33,"11":6},"f":{"0":46,"1":33},"b":{"0":[2],"1":[46,44,44,44]}}
,"C:\\Users\\sousa\\Dev\\cursos\\cccat10_1\\src\\infra\\cli\\CLIController.ts": {"path":"C:\\Users\\sousa\\Dev\\cursos\\cccat10_1\\src\\infra\\cli\\CLIController.ts","statementMap":{"0":{"start":{"line":5,"column":26},"end":{"line":5,"column":45}},"1":{"start":{"line":5,"column":56},"end":{"line":5,"column":74}},"2":{"start":{"line":6,"column":29},"end":{"line":6,"column":50}},"3":{"start":{"line":8,"column":8},"end":{"line":10,"column":11}},"4":{"start":{"line":9,"column":12},"end":{"line":9,"column":31}},"5":{"start":{"line":11,"column":8},"end":{"line":14,"column":11}},"6":{"start":{"line":12,"column":42},"end":{"line":12,"column":59}},"7":{"start":{"line":13,"column":12},"end":{"line":13,"column":94}},"8":{"start":{"line":15,"column":8},"end":{"line":23,"column":11}},"9":{"start":{"line":16,"column":12},"end":{"line":22,"column":null}},"10":{"start":{"line":18,"column":31},"end":{"line":18,"column":60}},"11":{"start":{"line":19,"column":16},"end":{"line":19,"column":54}},"12":{"start":{"line":21,"column":16},"end":{"line":21,"column":41}},"13":{"start":{"line":4,"column":0},"end":{"line":4,"column":21}}},"fnMap":{"0":{"name":"(anonymous_7)","decl":{"start":{"line":5,"column":4},"end":{"line":5,"column":26}},"loc":{"start":{"line":5,"column":74},"end":{"line":24,"column":5}}},"1":{"name":"(anonymous_8)","decl":{"start":{"line":8,"column":30},"end":{"line":8,"column":40}},"loc":{"start":{"line":8,"column":51},"end":{"line":10,"column":9}}},"2":{"name":"(anonymous_9)","decl":{"start":{"line":11,"column":31},"end":{"line":11,"column":41}},"loc":{"start":{"line":11,"column":52},"end":{"line":14,"column":9}}},"3":{"name":"(anonymous_10)","decl":{"start":{"line":15,"column":31},"end":{"line":15,"column":47}},"loc":{"start":{"line":15,"column":58},"end":{"line":23,"column":10}}}},"branchMap":{},"s":{"0":1,"1":1,"2":1,"3":1,"4":1,"5":1,"6":3,"7":3,"8":1,"9":2,"10":2,"11":2,"12":0,"13":1},"f":{"0":1,"1":1,"2":3,"3":2},"b":{}}
,"C:\\Users\\sousa\\Dev\\cursos\\cccat10_1\\src\\infra\\cli\\CLIHandler.ts": {"path":"C:\\Users\\sousa\\Dev\\cursos\\cccat10_1\\src\\infra\\cli\\CLIHandler.ts","statementMap":{"0":{"start":{"line":2,"column":4},"end":{"line":2,"column":null}},"1":{"start":{"line":5,"column":8},"end":{"line":5,"column":42}},"2":{"start":{"line":9,"column":26},"end":{"line":9,"column":41}},"3":{"start":{"line":10,"column":8},"end":{"line":10,"column":44}},"4":{"start":{"line":10,"column":37},"end":{"line":10,"column":44}},"5":{"start":{"line":11,"column":23},"end":{"line":11,"column":55}},"6":{"start":{"line":12,"column":8},"end":{"line":12,"column":45}},"7":{"start":{"line":1,"column":0},"end":{"line":1,"column":30}}},"fnMap":{"0":{"name":"(anonymous_7)","decl":{"start":{"line":1,"column":0},"end":{"line":1,"column":30}},"loc":{"start":{"line":1,"column":0},"end":{"line":16,"column":1}}},"1":{"name":"(anonymous_8)","decl":{"start":{"line":4,"column":4},"end":{"line":4,"column":6}},"loc":{"start":{"line":4,"column":43},"end":{"line":6,"column":5}}},"2":{"name":"(anonymous_9)","decl":{"start":{"line":8,"column":10},"end":{"line":8,"column":14}},"loc":{"start":{"line":8,"column":28},"end":{"line":13,"column":null}}}},"branchMap":{"0":{"loc":{"start":{"line":10,"column":8},"end":{"line":10,"column":44}},"type":"if","locations":[{"start":{"line":10,"column":8},"end":{"line":10,"column":44}}]}},"s":{"0":1,"1":3,"2":6,"3":6,"4":0,"5":6,"6":6,"7":1},"f":{"0":1,"1":3,"2":6},"b":{"0":[0]}}
,"C:\\Users\\sousa\\Dev\\cursos\\cccat10_1\\src\\infra\\database\\PgPromiseAdapter.ts": {"path":"C:\\Users\\sousa\\Dev\\cursos\\cccat10_1\\src\\infra\\database\\PgPromiseAdapter.ts","statementMap":{"0":{"start":{"line":2,"column":0},"end":{"line":2,"column":29}},"1":{"start":{"line":8,"column":8},"end":{"line":8,"column":83}},"2":{"start":{"line":11,"column":8},"end":{"line":11,"column":56}},"3":{"start":{"line":14,"column":8},"end":{"line":14,"column":42}},"4":{"start":{"line":4,"column":0},"end":{"line":4,"column":21}}},"fnMap":{"0":{"name":"(anonymous_8)","decl":{"start":{"line":7,"column":4},"end":{"line":7,"column":null}},"loc":{"start":{"line":7,"column":4},"end":{"line":9,"column":5}}},"1":{"name":"(anonymous_9)","decl":{"start":{"line":10,"column":10},"end":{"line":10,"column":15}},"loc":{"start":{"line":10,"column":46},"end":{"line":12,"column":null}}},"2":{"name":"(anonymous_11)","decl":{"start":{"line":13,"column":10},"end":{"line":13,"column":15}},"loc":{"start":{"line":13,"column":15},"end":{"line":15,"column":null}}}},"branchMap":{},"s":{"0":4,"1":19,"2":95,"3":19,"4":4},"f":{"0":19,"1":95,"2":19},"b":{}}
,"C:\\Users\\sousa\\Dev\\cursos\\cccat10_1\\src\\infra\\gateway\\CurrencyGatewayHttp.ts": {"path":"C:\\Users\\sousa\\Dev\\cursos\\cccat10_1\\src\\infra\\gateway\\CurrencyGatewayHttp.ts","statementMap":{"0":{"start":{"line":7,"column":26},"end":{"line":7,"column":48}},"1":{"start":{"line":11,"column":25},"end":{"line":11,"column":86}},"2":{"start":{"line":12,"column":8},"end":{"line":12,"column":24}},"3":{"start":{"line":5,"column":0},"end":{"line":5,"column":21}}},"fnMap":{"0":{"name":"(anonymous_7)","decl":{"start":{"line":7,"column":4},"end":{"line":7,"column":26}},"loc":{"start":{"line":7,"column":48},"end":{"line":8,"column":5}}},"1":{"name":"(anonymous_8)","decl":{"start":{"line":10,"column":10},"end":{"line":10,"column":23}},"loc":{"start":{"line":10,"column":23},"end":{"line":13,"column":null}}}},"branchMap":{},"s":{"0":16,"1":14,"2":14,"3":2},"f":{"0":16,"1":14},"b":{}}
,"C:\\Users\\sousa\\Dev\\cursos\\cccat10_1\\src\\infra\\http\\AxiosAdapter.ts": {"path":"C:\\Users\\sousa\\Dev\\cursos\\cccat10_1\\src\\infra\\http\\AxiosAdapter.ts","statementMap":{"0":{"start":{"line":1,"column":0},"end":{"line":1,"column":26}},"1":{"start":{"line":7,"column":25},"end":{"line":7,"column":45}},"2":{"start":{"line":8,"column":8},"end":{"line":8,"column":29}},"3":{"start":{"line":12,"column":25},"end":{"line":12,"column":52}},"4":{"start":{"line":13,"column":8},"end":{"line":13,"column":29}},"5":{"start":{"line":4,"column":0},"end":{"line":4,"column":21}}},"fnMap":{"0":{"name":"(anonymous_8)","decl":{"start":{"line":6,"column":10},"end":{"line":6,"column":13}},"loc":{"start":{"line":6,"column":25},"end":{"line":9,"column":null}}},"1":{"name":"(anonymous_10)","decl":{"start":{"line":11,"column":10},"end":{"line":11,"column":14}},"loc":{"start":{"line":11,"column":37},"end":{"line":14,"column":null}}}},"branchMap":{},"s":{"0":2,"1":14,"2":14,"3":0,"4":0,"5":2},"f":{"0":14,"1":0},"b":{}}
,"C:\\Users\\sousa\\Dev\\cursos\\cccat10_1\\src\\infra\\repository\\CouponRepositoryDatabase.ts": {"path":"C:\\Users\\sousa\\Dev\\cursos\\cccat10_1\\src\\infra\\repository\\CouponRepositoryDatabase.ts","statementMap":{"0":{"start":{"line":3,"column":0},"end":{"line":3,"column":48}},"1":{"start":{"line":8,"column":26},"end":{"line":8,"column":48}},"2":{"start":{"line":11,"column":29},"end":{"line":11,"column":112}},"3":{"start":{"line":12,"column":8},"end":{"line":12,"column":102}},"4":{"start":{"line":6,"column":0},"end":{"line":6,"column":21}}},"fnMap":{"0":{"name":"(anonymous_8)","decl":{"start":{"line":8,"column":4},"end":{"line":8,"column":26}},"loc":{"start":{"line":8,"column":48},"end":{"line":8,"column":52}}},"1":{"name":"(anonymous_9)","decl":{"start":{"line":10,"column":10},"end":{"line":10,"column":19}},"loc":{"start":{"line":10,"column":33},"end":{"line":13,"column":null}}}},"branchMap":{},"s":{"0":3,"1":18,"2":5,"3":5,"4":3},"f":{"0":18,"1":5},"b":{}}
,"C:\\Users\\sousa\\Dev\\cursos\\cccat10_1\\src\\infra\\repository\\OrderRespositoryDatabase.ts": {"path":"C:\\Users\\sousa\\Dev\\cursos\\cccat10_1\\src\\infra\\repository\\OrderRespositoryDatabase.ts","statementMap":{"0":{"start":{"line":3,"column":0},"end":{"line":3,"column":46}},"1":{"start":{"line":4,"column":0},"end":{"line":4,"column":44}},"2":{"start":{"line":9,"column":26},"end":{"line":9,"column":48}},"3":{"start":{"line":12,"column":8},"end":{"line":12,"column":204}},"4":{"start":{"line":13,"column":8},"end":{"line":15,"column":null}},"5":{"start":{"line":14,"column":12},"end":{"line":14,"column":192}},"6":{"start":{"line":19,"column":28},"end":{"line":19,"column":112}},"7":{"start":{"line":20,"column":22},"end":{"line":20,"column":92}},"8":{"start":{"line":21,"column":26},"end":{"line":21,"column":109}},"9":{"start":{"line":22,"column":8},"end":{"line":24,"column":null}},"10":{"start":{"line":23,"column":12},"end":{"line":23,"column":114}},"11":{"start":{"line":25,"column":8},"end":{"line":25,"column":21}},"12":{"start":{"line":29,"column":26},"end":{"line":29,"column":95}},"13":{"start":{"line":30,"column":8},"end":{"line":30,"column":39}},"14":{"start":{"line":7,"column":0},"end":{"line":7,"column":21}}},"fnMap":{"0":{"name":"(anonymous_8)","decl":{"start":{"line":9,"column":4},"end":{"line":9,"column":26}},"loc":{"start":{"line":9,"column":48},"end":{"line":9,"column":52}}},"1":{"name":"(anonymous_9)","decl":{"start":{"line":11,"column":10},"end":{"line":11,"column":14}},"loc":{"start":{"line":11,"column":27},"end":{"line":16,"column":null}}},"2":{"name":"(anonymous_11)","decl":{"start":{"line":18,"column":10},"end":{"line":18,"column":17}},"loc":{"start":{"line":18,"column":28},"end":{"line":26,"column":null}}},"3":{"name":"(anonymous_13)","decl":{"start":{"line":28,"column":10},"end":{"line":28,"column":15}},"loc":{"start":{"line":28,"column":15},"end":{"line":31,"column":null}}}},"branchMap":{},"s":{"0":2,"1":2,"2":16,"3":13,"4":13,"5":26,"6":2,"7":2,"8":2,"9":2,"10":6,"11":2,"12":16,"13":16,"14":2},"f":{"0":16,"1":13,"2":2,"3":16},"b":{}}
,"C:\\Users\\sousa\\Dev\\cursos\\cccat10_1\\src\\infra\\repository\\ProductRepositoryDatabase.ts": {"path":"C:\\Users\\sousa\\Dev\\cursos\\cccat10_1\\src\\infra\\repository\\ProductRepositoryDatabase.ts","statementMap":{"0":{"start":{"line":3,"column":0},"end":{"line":3,"column":50}},"1":{"start":{"line":8,"column":26},"end":{"line":8,"column":48}},"2":{"start":{"line":11,"column":30},"end":{"line":11,"column":123}},"3":{"start":{"line":12,"column":8},"end":{"line":12,"column":221}},"4":{"start":{"line":6,"column":0},"end":{"line":6,"column":21}}},"fnMap":{"0":{"name":"(anonymous_8)","decl":{"start":{"line":8,"column":4},"end":{"line":8,"column":26}},"loc":{"start":{"line":8,"column":48},"end":{"line":8,"column":52}}},"1":{"name":"(anonymous_9)","decl":{"start":{"line":10,"column":10},"end":{"line":10,"column":20}},"loc":{"start":{"line":10,"column":39},"end":{"line":13,"column":null}}}},"branchMap":{},"s":{"0":3,"1":17,"2":31,"3":31,"4":3},"f":{"0":17,"1":31},"b":{}}
}
