TN:
SF:src\application\usecase\Checkout.ts
FN:15,(anonymous_8)
FN:23,(anonymous_9)
FNF:2
FNH:2
FNDA:17,(anonymous_8)
FNDA:17,(anonymous_9)
DA:5,2
DA:6,2
DA:7,2
DA:13,2
DA:16,17
DA:17,17
DA:18,17
DA:19,17
DA:24,17
DA:25,17
DA:26,17
DA:27,17
DA:28,17
DA:29,16
DA:30,16
DA:31,16
DA:32,30
DA:33,29
DA:34,27
DA:35,27
DA:39,13
DA:40,2
DA:42,13
DA:43,3
DA:44,3
DA:46,13
DA:47,13
DA:48,13
LF:28
LH:28
BRDA:30,0,0,16
BRDA:39,1,0,2
BRDA:39,2,0,13
BRDA:39,2,1,2
BRDA:42,3,0,3
BRF:5
BRH:5
end_of_record
TN:
SF:src\application\usecase\GetOrder.ts
FN:6,(anonymous_7)
FN:11,(anonymous_8)
FNF:2
FNH:2
FNDA:15,(anonymous_7)
FNDA:2,(anonymous_8)
DA:4,1
DA:7,15
DA:12,2
DA:13,2
DA:18,2
LF:5
LH:5
BRF:0
BRH:0
end_of_record
TN:
SF:src\application\usecase\SimulateFreight.ts
FN:7,(anonymous_8)
FN:12,(anonymous_9)
FNF:2
FNH:2
FNDA:1,(anonymous_8)
FNDA:1,(anonymous_9)
DA:1,1
DA:5,1
DA:8,1
DA:13,1
DA:16,1
DA:17,1
DA:18,3
DA:19,3
DA:20,3
DA:24,1
LF:10
LH:10
BRDA:16,0,0,1
BRF:1
BRH:1
end_of_record
TN:
SF:src\application\usecase\ValidateCoupon.ts
FN:6,(anonymous_7)
FN:11,(anonymous_8)
FNF:2
FNH:2
FNDA:2,(anonymous_7)
FNDA:2,(anonymous_8)
DA:4,1
DA:7,2
DA:12,2
DA:13,2
LF:4
LH:4
BRF:0
BRH:0
end_of_record
TN:
SF:src\domain\entity\Coupon.ts
FN:3,(anonymous_0)
FN:7,(anonymous_1)
FN:11,(anonymous_2)
FNF:3
FNH:3
FNDA:8,(anonymous_0)
FNDA:7,(anonymous_1)
FNDA:5,(anonymous_2)
DA:1,4
DA:3,8
DA:8,7
DA:12,5
LF:4
LH:4
BRF:0
BRH:0
end_of_record
TN:
SF:src\domain\entity\Cpf.ts
FN:4,(anonymous_0)
FN:9,(anonymous_1)
FN:18,(anonymous_2)
FN:22,(anonymous_3)
FN:26,(anonymous_4)
FN:27,(anonymous_5)
FN:30,(anonymous_6)
FN:34,(anonymous_7)
FNF:8
FNH:8
FNDA:34,(anonymous_0)
FNDA:60,(anonymous_1)
FNDA:34,(anonymous_2)
FNDA:34,(anonymous_3)
FNDA:32,(anonymous_4)
FNDA:82,(anonymous_5)
FNDA:30,(anonymous_6)
FNDA:34,(anonymous_7)
DA:1,4
DA:5,34
DA:6,27
DA:10,60
DA:11,60
DA:12,660
DA:14,60
DA:15,60
DA:19,34
DA:23,34
DA:27,82
DA:31,30
DA:35,34
DA:36,34
DA:37,34
DA:38,32
DA:39,30
DA:40,30
DA:41,30
DA:42,30
DA:43,30
LF:21
LH:21
BRDA:5,0,0,7
BRDA:12,1,0,570
BRDA:15,2,0,2
BRDA:15,2,1,58
BRDA:35,3,0,0
BRDA:37,4,0,2
BRDA:38,5,0,2
BRF:7
BRH:6
end_of_record
TN:
SF:src\domain\entity\CurrencyTable.ts
FN:4,(anonymous_0)
FN:10,(anonymous_1)
FN:14,(anonymous_2)
FNF:3
FNH:3
FNDA:26,(anonymous_0)
FNDA:18,(anonymous_1)
FNDA:64,(anonymous_2)
DA:1,3
DA:5,26
DA:11,18
DA:15,64
LF:4
LH:4
BRF:0
BRH:0
end_of_record
TN:
SF:src\domain\entity\FreightCalculator.ts
FN:4,(anonymous_0)
FNF:1
FNH:1
FNDA:33,(anonymous_0)
DA:3,4
DA:5,33
DA:6,33
DA:7,33
DA:8,33
LF:5
LH:5
BRDA:4,0,0,2
BRF:1
BRH:1
end_of_record
TN:
SF:src\domain\entity\Item.ts
FN:3,(anonymous_0)
FNF:1
FNH:1
FNDA:40,(anonymous_0)
DA:1,3
DA:3,40
LF:2
LH:2
BRF:0
BRH:0
end_of_record
TN:
SF:src\domain\entity\Order.ts
FN:15,(anonymous_1)
FN:23,(anonymous_2)
FN:25,(anonymous_3)
FN:29,(anonymous_4)
FN:33,(anonymous_5)
FN:38,(anonymous_6)
FNF:6
FNH:6
FNDA:26,(anonymous_1)
FNDA:38,(anonymous_2)
FNDA:29,(anonymous_3)
FNDA:3,(anonymous_4)
FNDA:3,(anonymous_5)
FNDA:31,(anonymous_6)
DA:2,3
DA:3,3
DA:4,3
DA:6,3
DA:8,3
DA:13,26
DA:15,26
DA:16,26
DA:17,26
DA:18,26
DA:19,24
DA:24,38
DA:25,36
DA:26,34
DA:30,3
DA:35,3
DA:39,31
DA:40,31
DA:41,64
DA:43,31
DA:44,31
DA:45,4
DA:47,31
LF:23
LH:23
BRDA:15,0,0,7
BRDA:15,1,0,6
BRDA:15,2,0,6
BRDA:16,3,0,15
BRDA:24,4,0,2
BRDA:25,5,0,2
BRDA:35,6,0,2
BRDA:44,7,0,4
BRF:8
BRH:8
end_of_record
TN:
SF:src\domain\entity\Product.ts
FN:3,(anonymous_0)
FN:7,(anonymous_1)
FNF:2
FNH:2
FNDA:46,(anonymous_0)
FNDA:33,(anonymous_1)
DA:1,6
DA:3,46
DA:4,46
DA:8,33
LF:4
LH:4
BRDA:4,0,0,2
BRDA:4,1,0,46
BRDA:4,1,1,44
BRDA:4,1,2,44
BRDA:4,1,3,44
BRF:5
BRH:5
end_of_record
TN:
SF:src\infra\cli\CLIController.ts
FN:5,(anonymous_7)
FN:8,(anonymous_8)
FN:11,(anonymous_9)
FN:15,(anonymous_10)
FNF:4
FNH:4
FNDA:1,(anonymous_7)
FNDA:1,(anonymous_8)
FNDA:3,(anonymous_9)
FNDA:2,(anonymous_10)
DA:4,1
DA:5,1
DA:6,1
DA:8,1
DA:9,1
DA:11,1
DA:12,3
DA:13,3
DA:15,1
DA:16,2
DA:18,2
DA:19,2
DA:21,0
LF:13
LH:12
BRF:0
BRH:0
end_of_record
TN:
SF:src\infra\cli\CLIHandler.ts
FN:1,(anonymous_7)
FN:4,(anonymous_8)
FN:8,(anonymous_9)
FNF:3
FNH:3
FNDA:1,(anonymous_7)
FNDA:3,(anonymous_8)
FNDA:6,(anonymous_9)
DA:1,1
DA:2,1
DA:5,3
DA:9,6
DA:10,6
DA:11,6
DA:12,6
LF:7
LH:7
BRDA:10,0,0,0
BRF:1
BRH:0
end_of_record
TN:
SF:src\infra\database\PgPromiseAdapter.ts
FN:7,(anonymous_8)
FN:10,(anonymous_9)
FN:13,(anonymous_11)
FNF:3
FNH:3
FNDA:19,(anonymous_8)
FNDA:95,(anonymous_9)
FNDA:19,(anonymous_11)
DA:2,4
DA:4,4
DA:8,19
DA:11,95
DA:14,19
LF:5
LH:5
BRF:0
BRH:0
end_of_record
TN:
SF:src\infra\gateway\CurrencyGatewayHttp.ts
FN:7,(anonymous_7)
FN:10,(anonymous_8)
FNF:2
FNH:2
FNDA:16,(anonymous_7)
FNDA:14,(anonymous_8)
DA:5,2
DA:7,16
DA:11,14
DA:12,14
LF:4
LH:4
BRF:0
BRH:0
end_of_record
TN:
SF:src\infra\http\AxiosAdapter.ts
FN:6,(anonymous_8)
FN:11,(anonymous_10)
FNF:2
FNH:1
FNDA:14,(anonymous_8)
FNDA:0,(anonymous_10)
DA:1,2
DA:4,2
DA:7,14
DA:8,14
DA:12,0
DA:13,0
LF:6
LH:4
BRF:0
BRH:0
end_of_record
TN:
SF:src\infra\repository\CouponRepositoryDatabase.ts
FN:8,(anonymous_8)
FN:10,(anonymous_9)
FNF:2
FNH:2
FNDA:18,(anonymous_8)
FNDA:5,(anonymous_9)
DA:3,3
DA:6,3
DA:8,18
DA:11,5
DA:12,5
LF:5
LH:5
BRF:0
BRH:0
end_of_record
TN:
SF:src\infra\repository\OrderRespositoryDatabase.ts
FN:9,(anonymous_8)
FN:11,(anonymous_9)
FN:18,(anonymous_11)
FN:28,(anonymous_13)
FNF:4
FNH:4
FNDA:16,(anonymous_8)
FNDA:13,(anonymous_9)
FNDA:2,(anonymous_11)
FNDA:16,(anonymous_13)
DA:3,2
DA:4,2
DA:7,2
DA:9,16
DA:12,13
DA:13,13
DA:14,26
DA:19,2
DA:20,2
DA:21,2
DA:22,2
DA:23,6
DA:25,2
DA:29,16
DA:30,16
LF:15
LH:15
BRF:0
BRH:0
end_of_record
TN:
SF:src\infra\repository\ProductRepositoryDatabase.ts
FN:8,(anonymous_8)
FN:10,(anonymous_9)
FNF:2
FNH:2
FNDA:17,(anonymous_8)
FNDA:31,(anonymous_9)
DA:3,3
DA:6,3
DA:8,17
DA:11,31
DA:12,31
LF:5
LH:5
BRF:0
BRH:0
end_of_record
